Scanning dependencies of target CWTS
[  1%] Building CXX object CMakeFiles/CWTS.dir/Tests/array_bounds_1.cpp.o
/home/mf/CWTS/Tests/array_bounds_1.cpp:8:2: warning: array index 1 is past the end of the array (which contains 1 element) [-Warray-bounds]
        abc[1] = 42;
        ^   ~
/home/mf/CWTS/Tests/array_bounds_1.cpp:6:2: note: array 'abc' declared here
        int abc[1];
        ^
1 warning generated.
[  3%] Building CXX object CMakeFiles/CWTS.dir/Tests/array_bounds_2.cpp.o
/home/mf/CWTS/Tests/array_bounds_2.cpp:8:2: warning: array index -1 is before the beginning of the array [-Warray-bounds]
        abc[-1] = 42;
        ^   ~~
/home/mf/CWTS/Tests/array_bounds_2.cpp:6:2: note: array 'abc' declared here
        int abc[1];
        ^
1 warning generated.
[  5%] Building CXX object CMakeFiles/CWTS.dir/Tests/array_braces_missing.cpp.o
/home/mf/CWTS/Tests/array_braces_missing.cpp:1:17: warning: suggest braces around initialization of subobject [-Wmissing-braces]
int a[2][2] = { 0, 1, 2, 3 };
                ^~~~
                {   }
/home/mf/CWTS/Tests/array_braces_missing.cpp:1:23: warning: suggest braces around initialization of subobject [-Wmissing-braces]
int a[2][2] = { 0, 1, 2, 3 };
                      ^~~~
                      {   }
2 warnings generated.
[  6%] Building CXX object CMakeFiles/CWTS.dir/Tests/assignment_in_condition.cpp.o
/home/mf/CWTS/Tests/assignment_in_condition.cpp:5:9: warning: using the result of an assignment as a condition without parentheses [-Wparentheses]
        if ( x = 5 )   // uh oh, x = 5 will evaluate to the value 5, which is always true
             ~~^~~
/home/mf/CWTS/Tests/assignment_in_condition.cpp:5:9: note: place parentheses around the assignment to silence this warning
        if ( x = 5 )   // uh oh, x = 5 will evaluate to the value 5, which is always true
               ^
             (    )
/home/mf/CWTS/Tests/assignment_in_condition.cpp:5:9: note: use '==' to turn this assignment into an equality comparison
        if ( x = 5 )   // uh oh, x = 5 will evaluate to the value 5, which is always true
               ^
               ==
1 warning generated.
[  8%] Building CXX object CMakeFiles/CWTS.dir/Tests/bool_compare.cpp.o
/home/mf/CWTS/Tests/bool_compare.cpp:5:14: warning: result of comparison of constant 2 with expression of type 'bool' is always false [-Wtautological-constant-out-of-range-compare]
        if ((a > 0) == 2)
            ~~~~~~~ ^  ~
1 warning generated.
[ 10%] Building CXX object CMakeFiles/CWTS.dir/Tests/branches_identical_1.cpp.o
[ 12%] Building CXX object CMakeFiles/CWTS.dir/Tests/branches_identical_2.cpp.o
[ 13%] Building CXX object CMakeFiles/CWTS.dir/Tests/branches_identical_3.cpp.o
[ 15%] Building CXX object CMakeFiles/CWTS.dir/Tests/cast_unnecessary.cpp.o
[ 17%] Building CXX object CMakeFiles/CWTS.dir/Tests/code_unreachable_1.cpp.o
[ 18%] Building CXX object CMakeFiles/CWTS.dir/Tests/code_unreachable_2.cpp.o
[ 20%] Building CXX object CMakeFiles/CWTS.dir/Tests/code_unreachable_3.cpp.o
[ 22%] Building CXX object CMakeFiles/CWTS.dir/Tests/comment.cpp.o
/home/mf/CWTS/Tests/comment.cpp:1:4: warning: '/*' within block comment [-Wcomment]
/* /* comment in comment */
   ^
1 warning generated.
[ 24%] Building CXX object CMakeFiles/CWTS.dir/Tests/constant_expression.cpp.o
[ 25%] Building CXX object CMakeFiles/CWTS.dir/Tests/constant_overflow.cpp.o
/home/mf/CWTS/Tests/constant_overflow.cpp:1:20: error: constant expression evaluates to 65535 which cannot be narrowed to type 'char' [-Wc++11-narrowing]
char a[] = { 1, 2, 0xFFFF };
                   ^~~~~~
/home/mf/CWTS/Tests/constant_overflow.cpp:1:20: note: insert an explicit cast to silence this issue
char a[] = { 1, 2, 0xFFFF };
                   ^~~~~~
                   static_cast<char>( )
/home/mf/CWTS/Tests/constant_overflow.cpp:1:20: warning: implicit conversion from 'int' to 'char' changes value from 65535 to -1 [-Wconstant-conversion]
char a[] = { 1, 2, 0xFFFF };
           ~       ^~~~~~
1 warning and 1 error generated.
make[2]: *** [CMakeFiles/CWTS.dir/build.make:265: CMakeFiles/CWTS.dir/Tests/constant_overflow.cpp.o] Error 1
[ 27%] Building CXX object CMakeFiles/CWTS.dir/Tests/division_by_zero.cpp.o
/home/mf/CWTS/Tests/division_by_zero.cpp:6:11: warning: division by zero is undefined [-Wdivision-by-zero]
        return a / 0;
                 ^ ~
1 warning generated.
[ 29%] Building CXX object CMakeFiles/CWTS.dir/Tests/enum_unhandled.cpp.o
[ 31%] Building CXX object CMakeFiles/CWTS.dir/Tests/enum_value.cpp.o
[ 32%] Building CXX object CMakeFiles/CWTS.dir/Tests/extra_tokens.cpp.o
/home/mf/CWTS/Tests/extra_tokens.cpp:2:8: warning: extra tokens at end of #endif directive [-Wextra-tokens]
#endif BAD
       ^
       //
1 warning generated.
[ 34%] Building CXX object CMakeFiles/CWTS.dir/Tests/file_empty.cpp.o
[ 36%] Building CXX object CMakeFiles/CWTS.dir/Tests/format_string_1.cpp.o
/home/mf/CWTS/Tests/format_string_1.cpp:7:15: warning: format specifies type 'char *' but the argument has type 'int' [-Wformat]
        printf("%s", 0);
                ~~   ^
                %d
1 warning generated.
[ 37%] Building CXX object CMakeFiles/CWTS.dir/Tests/format_string_2.cpp.o
[ 39%] Building CXX object CMakeFiles/CWTS.dir/Tests/format_string_3.cpp.o
/home/mf/CWTS/Tests/format_string_3.cpp:7:9: warning: format string is not a string literal (potentially insecure) [-Wformat-security]
        printf(s);
               ^
/home/mf/CWTS/Tests/format_string_3.cpp:7:9: note: treat the string as an argument to avoid this
        printf(s);
               ^
               "%s", 
1 warning generated.
[ 41%] Building CXX object CMakeFiles/CWTS.dir/Tests/function_without_prototype.cpp.o
[ 43%] Building CXX object CMakeFiles/CWTS.dir/Tests/function_without_return_value.cpp.o
/home/mf/CWTS/Tests/function_without_return_value.cpp:6:2: error: non-void function 'function_without_return_value' should return a value [-Wreturn-type]
        return;
        ^
1 error generated.
make[2]: *** [CMakeFiles/CWTS.dir/build.make:395: CMakeFiles/CWTS.dir/Tests/function_without_return_value.cpp.o] Error 1
[ 44%] Building CXX object CMakeFiles/CWTS.dir/Tests/identifier_undefined.cpp.o
/home/mf/CWTS/Tests/identifier_undefined.cpp:1:5: warning: 'IDENTIFIER_UNDEFINED' is not defined, evaluates to 0 [-Wundef]
#if IDENTIFIER_UNDEFINED
    ^
1 warning generated.
[ 46%] Building CXX object CMakeFiles/CWTS.dir/Tests/implicit_conversion_1.cpp.o
[ 48%] Building CXX object CMakeFiles/CWTS.dir/Tests/implicit_conversion_2.cpp.o
[ 50%] Building CXX object CMakeFiles/CWTS.dir/Tests/implicit_conversion_3.cpp.o
[ 51%] Building CXX object CMakeFiles/CWTS.dir/Tests/label_unused.cpp.o
/home/mf/CWTS/Tests/label_unused.cpp:6:1: warning: unused label 'label_is_unused' [-Wunused-label]
label_is_unused:
^~~~~~~~~~~~~~~~
1 warning generated.
[ 53%] Building CXX object CMakeFiles/CWTS.dir/Tests/member_init_reorder.cpp.o
/home/mf/CWTS/Tests/member_init_reorder.cpp:4:7: warning: field 'j' will be initialized after field 'i' [-Wreorder-ctor]
        A(): j(0), i(1) { }
             ^
1 warning generated.
[ 55%] Building CXX object CMakeFiles/CWTS.dir/Tests/parameter_unused.cpp.o
/home/mf/CWTS/Tests/parameter_unused.cpp:6:27: warning: unused parameter 'a' [-Wunused-parameter]
void parameter_unused(int a)
                          ^
1 warning generated.
[ 56%] Building CXX object CMakeFiles/CWTS.dir/Tests/parentheses.cpp.o
/home/mf/CWTS/Tests/parentheses.cpp:9:2: warning: add explicit braces to avoid dangling else [-Wdangling-else]
        else
        ^
1 warning generated.
[ 58%] Building CXX object CMakeFiles/CWTS.dir/Tests/pointer_compare.cpp.o
/home/mf/CWTS/Tests/pointer_compare.cpp:6:10: error: comparison between pointer and integer ('char *' and 'char')
        if (ptr == '\0')
            ~~~ ^  ~~~~
1 error generated.
make[2]: *** [CMakeFiles/CWTS.dir/build.make:512: CMakeFiles/CWTS.dir/Tests/pointer_compare.cpp.o] Error 1
[ 60%] Building CXX object CMakeFiles/CWTS.dir/Tests/null_pointer_access_1.cpp.o
[ 62%] Building CXX object CMakeFiles/CWTS.dir/Tests/null_pointer_access_2.cpp.o
[ 63%] Building CXX object CMakeFiles/CWTS.dir/Tests/recursive_include.cpp.o
In file included from /home/mf/CWTS/Tests/recursive_include.cpp:1:
In file included from /home/mf/CWTS/Tests/recursive_include.cpp:1:
In file included from /home/mf/CWTS/Tests/recursive_include.cpp:1:
In file included from /home/mf/CWTS/Tests/recursive_include.cpp:1:
In file included from /home/mf/CWTS/Tests/recursive_include.cpp:1:
In file included from /home/mf/CWTS/Tests/recursive_include.cpp:1:
In file included from /home/mf/CWTS/Tests/recursive_include.cpp:1:
In file included from /home/mf/CWTS/Tests/recursive_include.cpp:1:
In file included from /home/mf/CWTS/Tests/recursive_include.cpp:1:
In file included from /home/mf/CWTS/Tests/recursive_include.cpp:1:
In file included from /home/mf/CWTS/Tests/recursive_include.cpp:1:
In file included from /home/mf/CWTS/Tests/recursive_include.cpp:1:
In file included from /home/mf/CWTS/Tests/recursive_include.cpp:1:
In file included from /home/mf/CWTS/Tests/recursive_include.cpp:1:
In file included from /home/mf/CWTS/Tests/recursive_include.cpp:1:
In file included from /home/mf/CWTS/Tests/recursive_include.cpp:1:
In file included from /home/mf/CWTS/Tests/recursive_include.cpp:1:
In file included from /home/mf/CWTS/Tests/recursive_include.cpp:1:
In file included from /home/mf/CWTS/Tests/recursive_include.cpp:1:
In file included from /home/mf/CWTS/Tests/recursive_include.cpp:1:
In file included from /home/mf/CWTS/Tests/recursive_include.cpp:1:
In file included from /home/mf/CWTS/Tests/recursive_include.cpp:1:
In file included from /home/mf/CWTS/Tests/recursive_include.cpp:1:
In file included from /home/mf/CWTS/Tests/recursive_include.cpp:1:
In file included from /home/mf/CWTS/Tests/recursive_include.cpp:1:
In file included from /home/mf/CWTS/Tests/recursive_include.cpp:1:
In file included from /home/mf/CWTS/Tests/recursive_include.cpp:1:
In file included from /home/mf/CWTS/Tests/recursive_include.cpp:1:
In file included from /home/mf/CWTS/Tests/recursive_include.cpp:1:
In file included from /home/mf/CWTS/Tests/recursive_include.cpp:1:
In file included from /home/mf/CWTS/Tests/recursive_include.cpp:1:
In file included from /home/mf/CWTS/Tests/recursive_include.cpp:1:
In file included from /home/mf/CWTS/Tests/recursive_include.cpp:1:
In file included from /home/mf/CWTS/Tests/recursive_include.cpp:1:
In file included from /home/mf/CWTS/Tests/recursive_include.cpp:1:
In file included from /home/mf/CWTS/Tests/recursive_include.cpp:1:
In file included from /home/mf/CWTS/Tests/recursive_include.cpp:1:
In file included from /home/mf/CWTS/Tests/recursive_include.cpp:1:
In file included from /home/mf/CWTS/Tests/recursive_include.cpp:1:
In file included from /home/mf/CWTS/Tests/recursive_include.cpp:1:
In file included from /home/mf/CWTS/Tests/recursive_include.cpp:1:
In file included from /home/mf/CWTS/Tests/recursive_include.cpp:1:
In file included from /home/mf/CWTS/Tests/recursive_include.cpp:1:
In file included from /home/mf/CWTS/Tests/recursive_include.cpp:1:
In file included from /home/mf/CWTS/Tests/recursive_include.cpp:1:
In file included from /home/mf/CWTS/Tests/recursive_include.cpp:1:
In file included from /home/mf/CWTS/Tests/recursive_include.cpp:1:
In file included from /home/mf/CWTS/Tests/recursive_include.cpp:1:
In file included from /home/mf/CWTS/Tests/recursive_include.cpp:1:
In file included from /home/mf/CWTS/Tests/recursive_include.cpp:1:
In file included from /home/mf/CWTS/Tests/recursive_include.cpp:1:
In file included from /home/mf/CWTS/Tests/recursive_include.cpp:1:
In file included from /home/mf/CWTS/Tests/recursive_include.cpp:1:
In file included from /home/mf/CWTS/Tests/recursive_include.cpp:1:
In file included from /home/mf/CWTS/Tests/recursive_include.cpp:1:
In file included from /home/mf/CWTS/Tests/recursive_include.cpp:1:
In file included from /home/mf/CWTS/Tests/recursive_include.cpp:1:
In file included from /home/mf/CWTS/Tests/recursive_include.cpp:1:
In file included from /home/mf/CWTS/Tests/recursive_include.cpp:1:
In file included from /home/mf/CWTS/Tests/recursive_include.cpp:1:
In file included from /home/mf/CWTS/Tests/recursive_include.cpp:1:
In file included from /home/mf/CWTS/Tests/recursive_include.cpp:1:
In file included from /home/mf/CWTS/Tests/recursive_include.cpp:1:
In file included from /home/mf/CWTS/Tests/recursive_include.cpp:1:
In file included from /home/mf/CWTS/Tests/recursive_include.cpp:1:
In file included from /home/mf/CWTS/Tests/recursive_include.cpp:1:
In file included from /home/mf/CWTS/Tests/recursive_include.cpp:1:
In file included from /home/mf/CWTS/Tests/recursive_include.cpp:1:
In file included from /home/mf/CWTS/Tests/recursive_include.cpp:1:
In file included from /home/mf/CWTS/Tests/recursive_include.cpp:1:
In file included from /home/mf/CWTS/Tests/recursive_include.cpp:1:
In file included from /home/mf/CWTS/Tests/recursive_include.cpp:1:
In file included from /home/mf/CWTS/Tests/recursive_include.cpp:1:
In file included from /home/mf/CWTS/Tests/recursive_include.cpp:1:
In file included from /home/mf/CWTS/Tests/recursive_include.cpp:1:
In file included from /home/mf/CWTS/Tests/recursive_include.cpp:1:
In file included from /home/mf/CWTS/Tests/recursive_include.cpp:1:
In file included from /home/mf/CWTS/Tests/recursive_include.cpp:1:
In file included from /home/mf/CWTS/Tests/recursive_include.cpp:1:
In file included from /home/mf/CWTS/Tests/recursive_include.cpp:1:
In file included from /home/mf/CWTS/Tests/recursive_include.cpp:1:
In file included from /home/mf/CWTS/Tests/recursive_include.cpp:1:
In file included from /home/mf/CWTS/Tests/recursive_include.cpp:1:
In file included from /home/mf/CWTS/Tests/recursive_include.cpp:1:
In file included from /home/mf/CWTS/Tests/recursive_include.cpp:1:
In file included from /home/mf/CWTS/Tests/recursive_include.cpp:1:
In file included from /home/mf/CWTS/Tests/recursive_include.cpp:1:
In file included from /home/mf/CWTS/Tests/recursive_include.cpp:1:
In file included from /home/mf/CWTS/Tests/recursive_include.cpp:1:
In file included from /home/mf/CWTS/Tests/recursive_include.cpp:1:
In file included from /home/mf/CWTS/Tests/recursive_include.cpp:1:
In file included from /home/mf/CWTS/Tests/recursive_include.cpp:1:
In file included from /home/mf/CWTS/Tests/recursive_include.cpp:1:
In file included from /home/mf/CWTS/Tests/recursive_include.cpp:1:
In file included from /home/mf/CWTS/Tests/recursive_include.cpp:1:
In file included from /home/mf/CWTS/Tests/recursive_include.cpp:1:
In file included from /home/mf/CWTS/Tests/recursive_include.cpp:1:
In file included from /home/mf/CWTS/Tests/recursive_include.cpp:1:
In file included from /home/mf/CWTS/Tests/recursive_include.cpp:1:
In file included from /home/mf/CWTS/Tests/recursive_include.cpp:1:
In file included from /home/mf/CWTS/Tests/recursive_include.cpp:1:
In file included from /home/mf/CWTS/Tests/recursive_include.cpp:1:
In file included from /home/mf/CWTS/Tests/recursive_include.cpp:1:
In file included from /home/mf/CWTS/Tests/recursive_include.cpp:1:
In file included from /home/mf/CWTS/Tests/recursive_include.cpp:1:
In file included from /home/mf/CWTS/Tests/recursive_include.cpp:1:
In file included from /home/mf/CWTS/Tests/recursive_include.cpp:1:
In file included from /home/mf/CWTS/Tests/recursive_include.cpp:1:
In file included from /home/mf/CWTS/Tests/recursive_include.cpp:1:
In file included from /home/mf/CWTS/Tests/recursive_include.cpp:1:
In file included from /home/mf/CWTS/Tests/recursive_include.cpp:1:
In file included from /home/mf/CWTS/Tests/recursive_include.cpp:1:
In file included from /home/mf/CWTS/Tests/recursive_include.cpp:1:
In file included from /home/mf/CWTS/Tests/recursive_include.cpp:1:
In file included from /home/mf/CWTS/Tests/recursive_include.cpp:1:
In file included from /home/mf/CWTS/Tests/recursive_include.cpp:1:
In file included from /home/mf/CWTS/Tests/recursive_include.cpp:1:
In file included from /home/mf/CWTS/Tests/recursive_include.cpp:1:
In file included from /home/mf/CWTS/Tests/recursive_include.cpp:1:
In file included from /home/mf/CWTS/Tests/recursive_include.cpp:1:
In file included from /home/mf/CWTS/Tests/recursive_include.cpp:1:
In file included from /home/mf/CWTS/Tests/recursive_include.cpp:1:
In file included from /home/mf/CWTS/Tests/recursive_include.cpp:1:
In file included from /home/mf/CWTS/Tests/recursive_include.cpp:1:
In file included from /home/mf/CWTS/Tests/recursive_include.cpp:1:
In file included from /home/mf/CWTS/Tests/recursive_include.cpp:1:
In file included from /home/mf/CWTS/Tests/recursive_include.cpp:1:
In file included from /home/mf/CWTS/Tests/recursive_include.cpp:1:
In file included from /home/mf/CWTS/Tests/recursive_include.cpp:1:
In file included from /home/mf/CWTS/Tests/recursive_include.cpp:1:
In file included from /home/mf/CWTS/Tests/recursive_include.cpp:1:
In file included from /home/mf/CWTS/Tests/recursive_include.cpp:1:
In file included from /home/mf/CWTS/Tests/recursive_include.cpp:1:
In file included from /home/mf/CWTS/Tests/recursive_include.cpp:1:
In file included from /home/mf/CWTS/Tests/recursive_include.cpp:1:
In file included from /home/mf/CWTS/Tests/recursive_include.cpp:1:
In file included from /home/mf/CWTS/Tests/recursive_include.cpp:1:
In file included from /home/mf/CWTS/Tests/recursive_include.cpp:1:
In file included from /home/mf/CWTS/Tests/recursive_include.cpp:1:
In file included from /home/mf/CWTS/Tests/recursive_include.cpp:1:
In file included from /home/mf/CWTS/Tests/recursive_include.cpp:1:
In file included from /home/mf/CWTS/Tests/recursive_include.cpp:1:
In file included from /home/mf/CWTS/Tests/recursive_include.cpp:1:
In file included from /home/mf/CWTS/Tests/recursive_include.cpp:1:
In file included from /home/mf/CWTS/Tests/recursive_include.cpp:1:
In file included from /home/mf/CWTS/Tests/recursive_include.cpp:1:
In file included from /home/mf/CWTS/Tests/recursive_include.cpp:1:
In file included from /home/mf/CWTS/Tests/recursive_include.cpp:1:
In file included from /home/mf/CWTS/Tests/recursive_include.cpp:1:
In file included from /home/mf/CWTS/Tests/recursive_include.cpp:1:
In file included from /home/mf/CWTS/Tests/recursive_include.cpp:1:
In file included from /home/mf/CWTS/Tests/recursive_include.cpp:1:
In file included from /home/mf/CWTS/Tests/recursive_include.cpp:1:
In file included from /home/mf/CWTS/Tests/recursive_include.cpp:1:
In file included from /home/mf/CWTS/Tests/recursive_include.cpp:1:
In file included from /home/mf/CWTS/Tests/recursive_include.cpp:1:
In file included from /home/mf/CWTS/Tests/recursive_include.cpp:1:
In file included from /home/mf/CWTS/Tests/recursive_include.cpp:1:
In file included from /home/mf/CWTS/Tests/recursive_include.cpp:1:
In file included from /home/mf/CWTS/Tests/recursive_include.cpp:1:
In file included from /home/mf/CWTS/Tests/recursive_include.cpp:1:
In file included from /home/mf/CWTS/Tests/recursive_include.cpp:1:
In file included from /home/mf/CWTS/Tests/recursive_include.cpp:1:
In file included from /home/mf/CWTS/Tests/recursive_include.cpp:1:
In file included from /home/mf/CWTS/Tests/recursive_include.cpp:1:
In file included from /home/mf/CWTS/Tests/recursive_include.cpp:1:
In file included from /home/mf/CWTS/Tests/recursive_include.cpp:1:
In file included from /home/mf/CWTS/Tests/recursive_include.cpp:1:
In file included from /home/mf/CWTS/Tests/recursive_include.cpp:1:
In file included from /home/mf/CWTS/Tests/recursive_include.cpp:1:
In file included from /home/mf/CWTS/Tests/recursive_include.cpp:1:
In file included from /home/mf/CWTS/Tests/recursive_include.cpp:1:
In file included from /home/mf/CWTS/Tests/recursive_include.cpp:1:
In file included from /home/mf/CWTS/Tests/recursive_include.cpp:1:
In file included from /home/mf/CWTS/Tests/recursive_include.cpp:1:
In file included from /home/mf/CWTS/Tests/recursive_include.cpp:1:
In file included from /home/mf/CWTS/Tests/recursive_include.cpp:1:
In file included from /home/mf/CWTS/Tests/recursive_include.cpp:1:
In file included from /home/mf/CWTS/Tests/recursive_include.cpp:1:
In file included from /home/mf/CWTS/Tests/recursive_include.cpp:1:
In file included from /home/mf/CWTS/Tests/recursive_include.cpp:1:
In file included from /home/mf/CWTS/Tests/recursive_include.cpp:1:
In file included from /home/mf/CWTS/Tests/recursive_include.cpp:1:
In file included from /home/mf/CWTS/Tests/recursive_include.cpp:1:
In file included from /home/mf/CWTS/Tests/recursive_include.cpp:1:
In file included from /home/mf/CWTS/Tests/recursive_include.cpp:1:
In file included from /home/mf/CWTS/Tests/recursive_include.cpp:1:
In file included from /home/mf/CWTS/Tests/recursive_include.cpp:1:
In file included from /home/mf/CWTS/Tests/recursive_include.cpp:1:
In file included from /home/mf/CWTS/Tests/recursive_include.cpp:1:
In file included from /home/mf/CWTS/Tests/recursive_include.cpp:1:
In file included from /home/mf/CWTS/Tests/recursive_include.cpp:1:
In file included from /home/mf/CWTS/Tests/recursive_include.cpp:1:
In file included from /home/mf/CWTS/Tests/recursive_include.cpp:1:
In file included from /home/mf/CWTS/Tests/recursive_include.cpp:1:
In file included from /home/mf/CWTS/Tests/recursive_include.cpp:1:
In file included from /home/mf/CWTS/Tests/recursive_include.cpp:1:
In file included from /home/mf/CWTS/Tests/recursive_include.cpp:1:
In file included from /home/mf/CWTS/Tests/recursive_include.cpp:1:
/home/mf/CWTS/Tests/recursive_include.cpp:1:10: error: #include nested too deeply
#include "recursive_include.cpp"
         ^
1 error generated.
make[2]: *** [CMakeFiles/CWTS.dir/build.make:551: CMakeFiles/CWTS.dir/Tests/recursive_include.cpp.o] Error 1
[ 65%] Building CXX object CMakeFiles/CWTS.dir/Tests/shift_count_negative.cpp.o
/home/mf/CWTS/Tests/shift_count_negative.cpp:5:11: warning: shift count is negative [-Wshift-count-negative]
        return a << -1;
                 ^  ~~
1 warning generated.
[ 67%] Building CXX object CMakeFiles/CWTS.dir/Tests/shift_count_overflow.cpp.o
/home/mf/CWTS/Tests/shift_count_overflow.cpp:5:11: warning: shift count >= width of type [-Wshift-count-overflow]
        return a << 66;
                 ^  ~~
1 warning generated.
[ 68%] Building CXX object CMakeFiles/CWTS.dir/Tests/shift_value_negative.cpp.o
/home/mf/CWTS/Tests/shift_value_negative.cpp:5:12: warning: shifting a negative signed value is undefined [-Wshift-negative-value]
        return -1 << 2;
               ~~ ^
1 warning generated.
[ 70%] Building CXX object CMakeFiles/CWTS.dir/Tests/shift_overflow.cpp.o
/home/mf/CWTS/Tests/shift_overflow.cpp:7:17: warning: signed shift result (0x1FFFFFFFC00) requires 42 bits to represent, but 'int' only has 32 bits [-Wshift-overflow]
        return INT_MAX << 10;
               ~~~~~~~ ^  ~~
1 warning generated.
[ 72%] Building CXX object CMakeFiles/CWTS.dir/Tests/stack_address_returned.cpp.o
/home/mf/CWTS/Tests/stack_address_returned.cpp:7:9: warning: address of stack memory associated with local variable 'array' returned [-Wreturn-stack-address]
        return array;
               ^~~~~
1 warning generated.
[ 74%] Building CXX object CMakeFiles/CWTS.dir/Tests/static_const_unused.cpp.o
/home/mf/CWTS/Tests/static_const_unused.cpp:1:18: warning: unused variable 'answer' [-Wunused-const-variable]
static const int answer = 42;
                 ^
1 warning generated.
[ 75%] Building CXX object CMakeFiles/CWTS.dir/Tests/static_function_unused.cpp.o
/home/mf/CWTS/Tests/static_function_unused.cpp:1:13: warning: unused function 'static_function_unused' [-Wunused-function]
static void static_function_unused()
            ^
1 warning generated.
[ 77%] Building CXX object CMakeFiles/CWTS.dir/Tests/switch_body_empty.cpp.o
[ 79%] Building CXX object CMakeFiles/CWTS.dir/Tests/switch_code_unreachable.cpp.o
[ 81%] Building CXX object CMakeFiles/CWTS.dir/Tests/switch_default_missing.cpp.o
[ 82%] Building CXX object CMakeFiles/CWTS.dir/Tests/value_unused.cpp.o
/home/mf/CWTS/Tests/value_unused.cpp:6:4: warning: expression result unused [-Wunused-value]
        a * b;
        ~ ^ ~
1 warning generated.
[ 84%] Building CXX object CMakeFiles/CWTS.dir/Tests/variable_assignment.cpp.o
/home/mf/CWTS/Tests/variable_assignment.cpp:8:8: warning: using the result of an assignment as a condition without parentheses [-Wparentheses]
        if (a = b)
            ~~^~~
/home/mf/CWTS/Tests/variable_assignment.cpp:8:8: note: place parentheses around the assignment to silence this warning
        if (a = b)
              ^
            (    )
/home/mf/CWTS/Tests/variable_assignment.cpp:8:8: note: use '==' to turn this assignment into an equality comparison
        if (a = b)
              ^
              ==
1 warning generated.
[ 86%] Building CXX object CMakeFiles/CWTS.dir/Tests/variable_compare.cpp.o
/home/mf/CWTS/Tests/variable_compare.cpp:6:11: warning: comparison of integers of different signs: 'int' and 'unsigned int' [-Wsign-compare]
        return a == b;
               ~ ^  ~
1 warning generated.
[ 87%] Building CXX object CMakeFiles/CWTS.dir/Tests/variable_init_self.cpp.o
/home/mf/CWTS/Tests/variable_init_self.cpp:6:10: warning: variable 'i' is uninitialized when used within its own initialization [-Wuninitialized]
        int i = i;
            ~   ^
1 warning generated.
[ 89%] Building CXX object CMakeFiles/CWTS.dir/Tests/variable_size_array.cpp.o
/home/mf/CWTS/Tests/variable_size_array.cpp:6:11: warning: variable length arrays are a C99 feature [-Wvla-extension]
        float abc[n];
                 ^
1 warning generated.
[ 91%] Building CXX object CMakeFiles/CWTS.dir/Tests/variable_shadowed_1.cpp.o
[ 93%] Building CXX object CMakeFiles/CWTS.dir/Tests/variable_shadowed_2.cpp.o
[ 94%] Building CXX object CMakeFiles/CWTS.dir/Tests/variable_unsequenced.cpp.o
/home/mf/CWTS/Tests/variable_unsequenced.cpp:7:21: warning: unsequenced modification and access to 'a' [-Wunsequenced]
        printf("%d,%d", a, ++a);
                        ~  ^
1 warning generated.
[ 96%] Building CXX object CMakeFiles/CWTS.dir/Tests/variable_unused.cpp.o
/home/mf/CWTS/Tests/variable_unused.cpp:6:6: warning: unused variable 'i' [-Wunused-variable]
        int i = 0;
            ^
1 warning generated.
[ 98%] Building CXX object CMakeFiles/CWTS.dir/Tests/variable_used_uninitialized.cpp.o
/home/mf/CWTS/Tests/variable_used_uninitialized.cpp:9:3: warning: variable 'b' is uninitialized when used here [-Wuninitialized]
                b++;
                ^
/home/mf/CWTS/Tests/variable_used_uninitialized.cpp:6:14: note: initialize the variable 'b' to silence this warning
        int a = 0, b;
                    ^
                     = 0
1 warning generated.
make[2]: Target 'CMakeFiles/CWTS.dir/build' not remade because of errors.
make[1]: *** [CMakeFiles/Makefile2:96: CMakeFiles/CWTS.dir/all] Error 2
make[1]: Target 'all' not remade because of errors.
make: *** [Makefile:104: all] Error 2
make: Target 'default_target' not remade because of errors.
